<?xml version="1.0" encoding="UTF-8"?>
<testng-results skipped="0" failed="0" total="1" passed="1">
  <reporter-output>
  </reporter-output>
  <suite name="Default suite" duration-ms="22339" started-at="2020-06-09T07:36:27Z" finished-at="2020-06-09T07:36:49Z">
    <groups>
    </groups>
    <test name="Default test" duration-ms="22339" started-at="2020-06-09T07:36:27Z" finished-at="2020-06-09T07:36:49Z">
      <class name="com.infi.orange.login.Orange">
        <test-method status="PASS" signature="setUp()[pri:0, instance:com.infi.orange.login.Orange@3bfdc050]" name="setUp" is-config="true" duration-ms="14901" started-at="2020-06-09T13:06:27Z" finished-at="2020-06-09T13:06:42Z">
          <reporter-output>
          </reporter-output>
        </test-method> <!-- setUp -->
        <test-method status="PASS" signature="Verifylogin()[pri:0, instance:com.infi.orange.login.Orange@3bfdc050]" name="Verifylogin" duration-ms="6895" started-at="2020-06-09T13:06:42Z" finished-at="2020-06-09T13:06:49Z">
          <reporter-output>
          </reporter-output>
        </test-method> <!-- Verifylogin -->
        <test-method status="PASS" signature="tearDown()[pri:0, instance:com.infi.orange.login.Orange@3bfdc050]" name="tearDown" is-config="true" duration-ms="515" started-at="2020-06-09T13:06:49Z" finished-at="2020-06-09T13:06:49Z">
          <reporter-output>
          </reporter-output>
        </test-method> <!-- tearDown -->
      </class> <!-- com.infi.orange.login.Orange -->
    </test> <!-- Default test -->
  </suite> <!-- Default suite -->
</testng-results>
