<?xml version="1.0" encoding="UTF-8"?>
<testng-results skipped="0" failed="0" total="1" passed="1">
  <reporter-output>
  </reporter-output>
  <suite name="Default suite" duration-ms="28287" started-at="2020-06-09T08:01:20Z" finished-at="2020-06-09T08:01:49Z">
    <groups>
    </groups>
    <test name="Default test" duration-ms="28287" started-at="2020-06-09T08:01:20Z" finished-at="2020-06-09T08:01:49Z">
      <class name="com.infi.orange.login.Orange">
        <test-method status="PASS" signature="setUp()[pri:0, instance:com.infi.orange.login.Orange@3bfdc050]" name="setUp" is-config="true" duration-ms="14437" started-at="2020-06-09T13:31:20Z" finished-at="2020-06-09T13:31:35Z">
          <reporter-output>
          </reporter-output>
        </test-method> <!-- setUp -->
        <test-method status="PASS" signature="Verifylogin()[pri:0, instance:com.infi.orange.login.Orange@3bfdc050]" name="Verifylogin" duration-ms="8097" started-at="2020-06-09T13:31:35Z" finished-at="2020-06-09T13:31:43Z">
          <reporter-output>
          </reporter-output>
        </test-method> <!-- Verifylogin -->
        <test-method status="PASS" signature="tearDown()[pri:0, instance:com.infi.orange.login.Orange@3bfdc050]" name="tearDown" is-config="true" duration-ms="5628" started-at="2020-06-09T13:31:43Z" finished-at="2020-06-09T13:31:49Z">
          <reporter-output>
          </reporter-output>
        </test-method> <!-- tearDown -->
      </class> <!-- com.infi.orange.login.Orange -->
    </test> <!-- Default test -->
  </suite> <!-- Default suite -->
</testng-results>
